2021-11-16 15:50:50 [scrapy.utils.log] INFO: Scrapy 2.5.0 started (bot: SKKU_GitHub)
2021-11-16 15:50:50 [scrapy.utils.log] INFO: Versions: lxml 4.6.3.0, libxml2 2.9.10, cssselect 1.1.0, parsel 1.6.0, w3lib 1.22.0, Twisted 21.2.0, Python 3.8.8 (default, Apr 13 2021, 15:08:03) [MSC v.1916 64 bit (AMD64)], pyOpenSSL 20.0.1 (OpenSSL 1.1.1k  25 Mar 2021), cryptography 3.4.7, Platform Windows-10-10.0.19041-SP0
2021-11-16 15:50:50 [scrapy.crawler] INFO: Overridden settings:
{'BOT_NAME': 'SKKU_GitHub',
 'CONCURRENT_REQUESTS': 32,
 'LOG_FILE': 'temp.log',
 'LOG_LEVEL': 'INFO',
 'NEWSPIDER_MODULE': 'SKKU_GitHub.spiders',
 'SPIDER_MODULES': ['SKKU_GitHub.spiders']}
2021-11-16 15:50:50 [scrapy.extensions.telnet] INFO: Telnet Password: 460b1ef6b4d93164
2021-11-16 15:50:50 [scrapy.middleware] INFO: Enabled extensions:
['scrapy.extensions.corestats.CoreStats',
 'scrapy.extensions.telnet.TelnetConsole',
 'scrapy.extensions.logstats.LogStats']
2021-11-16 15:50:50 [scrapy.middleware] INFO: Enabled downloader middlewares:
['scrapy.downloadermiddlewares.httpauth.HttpAuthMiddleware',
 'scrapy.downloadermiddlewares.downloadtimeout.DownloadTimeoutMiddleware',
 'scrapy.downloadermiddlewares.defaultheaders.DefaultHeadersMiddleware',
 'scrapy.downloadermiddlewares.useragent.UserAgentMiddleware',
 'SKKU_GitHub.middlewares.TokenRetryMiddleware',
 'scrapy.downloadermiddlewares.redirect.MetaRefreshMiddleware',
 'scrapy.downloadermiddlewares.httpcompression.HttpCompressionMiddleware',
 'scrapy.downloadermiddlewares.redirect.RedirectMiddleware',
 'scrapy.downloadermiddlewares.cookies.CookiesMiddleware',
 'scrapy.downloadermiddlewares.httpproxy.HttpProxyMiddleware',
 'scrapy.downloadermiddlewares.stats.DownloaderStats']
2021-11-16 15:50:50 [scrapy.middleware] INFO: Enabled spider middlewares:
['scrapy.spidermiddlewares.httperror.HttpErrorMiddleware',
 'scrapy.spidermiddlewares.offsite.OffsiteMiddleware',
 'scrapy.spidermiddlewares.referer.RefererMiddleware',
 'scrapy.spidermiddlewares.urllength.UrlLengthMiddleware',
 'scrapy.spidermiddlewares.depth.DepthMiddleware']
2021-11-16 15:50:51 [scrapy.middleware] INFO: Enabled item pipelines:
['SKKU_GitHub.pipelines.SkkuGithubPipeline']
2021-11-16 15:50:51 [scrapy.core.engine] INFO: Spider opened
2021-11-16 15:50:51 [scrapy.extensions.logstats] INFO: Crawled 0 pages (at 0 pages/min), scraped 0 items (at 0 items/min)
2021-11-16 15:50:51 [scrapy.utils.signal] ERROR: Error caught on signal handler: <bound method TelnetConsole.start_listening of <scrapy.extensions.telnet.TelnetConsole object at 0x00000250E0825DC0>>
Traceback (most recent call last):
  File "c:\users\tsfo1\anaconda3\lib\site-packages\twisted\internet\tcp.py", line 1327, in startListening
    skt.bind(addr)
OSError: [WinError 10013] 액세스 권한에 의해 숨겨진 소켓에 액세스를 시도했습니다

During handling of the above exception, another exception occurred:

Traceback (most recent call last):
  File "c:\users\tsfo1\anaconda3\lib\site-packages\scrapy\utils\defer.py", line 157, in maybeDeferred_coro
    result = f(*args, **kw)
  File "c:\users\tsfo1\anaconda3\lib\site-packages\pydispatch\robustapply.py", line 55, in robustApply
    return receiver(*arguments, **named)
  File "c:\users\tsfo1\anaconda3\lib\site-packages\scrapy\extensions\telnet.py", line 65, in start_listening
    self.port = listen_tcp(self.portrange, self.host, self)
  File "c:\users\tsfo1\anaconda3\lib\site-packages\scrapy\utils\reactor.py", line 22, in listen_tcp
    return reactor.listenTCP(x, factory, interface=host)
  File "c:\users\tsfo1\anaconda3\lib\site-packages\twisted\internet\posixbase.py", line 569, in listenTCP
    p.startListening()
  File "c:\users\tsfo1\anaconda3\lib\site-packages\twisted\internet\tcp.py", line 1329, in startListening
    raise CannotListenError(self.interface, self.port, le)
twisted.internet.error.CannotListenError: Couldn't listen on 127.0.0.1:6073: [WinError 10013] 액세스 권한에 의해 숨겨진 소켓에 액세스를 시도했습니다.
2021-11-16 15:50:51 [py.warnings] WARNING: c:\users\tsfo1\anaconda3\lib\site-packages\scrapy\spidermiddlewares\referer.py:287: RuntimeWarning: Could not load referrer policy 'origin-when-cross-origin, strict-origin-when-cross-origin'
  warnings.warn(msg, RuntimeWarning)

2021-11-16 15:52:01 [scrapy.extensions.logstats] INFO: Crawled 62 pages (at 62 pages/min), scraped 174 items (at 174 items/min)
2021-11-16 15:52:54 [scrapy.extensions.logstats] INFO: Crawled 181 pages (at 119 pages/min), scraped 303 items (at 129 items/min)
2021-11-16 15:53:52 [scrapy.crawler] INFO: Received SIGINT, shutting down gracefully. Send again to force 
2021-11-16 15:53:53 [scrapy.core.engine] INFO: Closing spider (shutdown)
2021-11-16 15:53:53 [scrapy.extensions.logstats] INFO: Crawled 323 pages (at 142 pages/min), scraped 435 items (at 132 items/min)
2021-11-16 15:54:10 [scrapy.statscollectors] INFO: Dumping Scrapy stats:
{'downloader/request_bytes': 276578,
 'downloader/request_count': 357,
 'downloader/request_method_count/GET': 357,
 'downloader/response_bytes': 6155801,
 'downloader/response_count': 357,
 'downloader/response_status_count/200': 354,
 'downloader/response_status_count/429': 3,
 'dupefilter/filtered': 27,
 'elapsed_time_seconds': 198.996556,
 'finish_reason': 'shutdown',
 'finish_time': datetime.datetime(2021, 11, 16, 6, 54, 10, 436233),
 'httpcompression/response_bytes': 32644729,
 'httpcompression/response_count': 354,
 'item_scraped_count': 473,
 'log_count/ERROR': 1,
 'log_count/INFO': 13,
 'log_count/WARNING': 1,
 'request_depth_max': 7,
 'response_received_count': 354,
 'retry/count': 3,
 'retry/reason_count/429 Unknown Status': 3,
 'scheduler/dequeued': 357,
 'scheduler/dequeued/memory': 357,
 'scheduler/enqueued': 1065,
 'scheduler/enqueued/memory': 1065,
 'start_time': datetime.datetime(2021, 11, 16, 6, 50, 51, 439677)}
2021-11-16 15:54:10 [scrapy.core.engine] INFO: Spider closed (shutdown)
2021-11-16 15:54:10 [scrapy.utils.signal] ERROR: Error caught on signal handler: <bound method TelnetConsole.stop_listening of <scrapy.extensions.telnet.TelnetConsole object at 0x00000250E0825DC0>>
Traceback (most recent call last):
  File "c:\users\tsfo1\anaconda3\lib\site-packages\twisted\internet\task.py", line 500, in _oneWorkUnit
    result = next(self._iterator)
StopIteration

During handling of the above exception, another exception occurred:

Traceback (most recent call last):
  File "c:\users\tsfo1\anaconda3\lib\site-packages\scrapy\utils\defer.py", line 157, in maybeDeferred_coro
    result = f(*args, **kw)
  File "c:\users\tsfo1\anaconda3\lib\site-packages\pydispatch\robustapply.py", line 55, in robustApply
    return receiver(*arguments, **named)
  File "c:\users\tsfo1\anaconda3\lib\site-packages\scrapy\extensions\telnet.py", line 72, in stop_listening
    self.port.stopListening()
AttributeError: 'TelnetConsole' object has no attribute 'port'
